-------------------------------------------------------------------------------
Test set: com.nnk.springboot.repositoriesTest.TradeRepoTest
-------------------------------------------------------------------------------
Tests run: 1, Failures: 1, Errors: 0, Skipped: 0, Time elapsed: 0.011 s <<< FAILURE! - in com.nnk.springboot.repositoriesTest.TradeRepoTest
tradeTest  Time elapsed: 0.011 s  <<< FAILURE!
java.lang.AssertionError
	at com.nnk.springboot.repositoriesTest.TradeRepoTest.tradeTest(TradeRepoTest.java:31)

