<?xml version="1.0" encoding="UTF-8"?>
<testsuite xmlns:xsi="http://www.w3.org/2001/XMLSchema-instance" xsi:noNamespaceSchemaLocation="https://maven.apache.org/surefire/maven-surefire-plugin/xsd/surefire-test-report.xsd" name="com.nnk.springboot.domain.dao.BidListTest" time="0" tests="3" errors="0" skipped="0" failures="3">
  <properties>
[...]
</properties>
  <testcase name="testConstructor2" classname="com.nnk.springboot.domain.dao.BidListTest" time="0">
    <failure message="Use assertEquals(expected, actual, delta) to compare floating-point numbers" type="java.lang.AssertionError">java.lang.AssertionError: Use assertEquals(expected, actual, delta) to compare floating-point numbers
	at com.nnk.springboot.domain.dao.BidListTest.testConstructor2(BidListTest.java:60)
</failure>
  </testcase>
  <testcase name="testConstructor3" classname="com.nnk.springboot.domain.dao.BidListTest" time="0">
    <failure message="Use assertEquals(expected, actual, delta) to compare floating-point numbers" type="java.lang.AssertionError">java.lang.AssertionError: Use assertEquals(expected, actual, delta) to compare floating-point numbers
	at com.nnk.springboot.domain.dao.BidListTest.testConstructor3(BidListTest.java:74)
</failure>
  </testcase>
  <testcase name="testConstructor" classname="com.nnk.springboot.domain.dao.BidListTest" time="0">
    <failure message="Use assertEquals(expected, actual, delta) to compare floating-point numbers" type="java.lang.AssertionError">java.lang.AssertionError: Use assertEquals(expected, actual, delta) to compare floating-point numbers
	at com.nnk.springboot.domain.dao.BidListTest.testConstructor(BidListTest.java:32)
</failure>
  </testcase>
</testsuite>